[0601/004332.104:ERROR:process_reader_win.cc(151)] SuspendThread: Odmowa dostêpu. (0x5)
[0601/004332.094:ERROR:process_reader_win.cc(151)] SuspendThread: Odmowa dostêpu. (0x5)
[0601/004332.220:ERROR:process_reader_win.cc(151)] SuspendThread: Odmowa dostêpu. (0x5)
[0601/004332.220:ERROR:process_reader_win.cc(151)] SuspendThread: Odmowa dostêpu. (0x5)
[0601/004332.220:ERROR:process_reader_win.cc(151)] SuspendThread: Odmowa dostêpu. (0x5)
[0601/004332.220:ERROR:process_reader_win.cc(151)] SuspendThread: Odmowa dostêpu. (0x5)
[0601/004332.220:ERROR:process_reader_win.cc(151)] SuspendThread: Odmowa dostêpu. (0x5)
[0601/004332.220:ERROR:process_reader_win.cc(151)] SuspendThread: Odmowa dostêpu. (0x5)
[0601/004332.220:ERROR:process_reader_win.cc(151)] SuspendThread: Odmowa dostêpu. (0x5)
[0601/004332.220:ERROR:process_reader_win.cc(151)] SuspendThread: Odmowa dostêpu. (0x5)
[0601/004332.220:ERROR:process_reader_win.cc(151)] SuspendThread: Odmowa dostêpu. (0x5)
[0601/004332.220:ERROR:process_reader_win.cc(151)] SuspendThread: Odmowa dostêpu. (0x5)
[0601/004332.220:ERROR:process_reader_win.cc(151)] SuspendThread: Odmowa dostêpu. (0x5)
[0601/004332.220:ERROR:process_reader_win.cc(151)] SuspendThread: Odmowa dostêpu. (0x5)
[0601/004332.220:ERROR:process_reader_win.cc(151)] SuspendThread: Odmowa dostêpu. (0x5)
[0601/004332.220:ERROR:process_reader_win.cc(151)] SuspendThread: Odmowa dostêpu. (0x5)
[0601/004332.220:ERROR:process_reader_win.cc(151)] SuspendThread: Odmowa dostêpu. (0x5)
[0601/004332.220:ERROR:process_reader_win.cc(151)] SuspendThread: Odmowa dostêpu. (0x5)
[0601/004332.221:ERROR:process_reader_win.cc(151)] SuspendThread: Odmowa dostêpu. (0x5)
[0601/004332.221:ERROR:process_reader_win.cc(151)] SuspendThread: Odmowa dostêpu. (0x5)
[0601/004332.221:ERROR:process_reader_win.cc(151)] SuspendThread: Odmowa dostêpu. (0x5)
[0601/004332.221:ERROR:process_reader_win.cc(151)] SuspendThread: Odmowa dostêpu. (0x5)
[0601/004332.221:ERROR:process_reader_win.cc(151)] SuspendThread: Odmowa dostêpu. (0x5)
[0601/004332.288:ERROR:process_reader_win.cc(151)] SuspendThread: Odmowa dostêpu. (0x5)
[0601/004332.288:ERROR:process_reader_win.cc(151)] SuspendThread: Odmowa dostêpu. (0x5)
[0601/004332.288:ERROR:process_reader_win.cc(151)] SuspendThread: Odmowa dostêpu. (0x5)
[0601/004332.288:ERROR:process_reader_win.cc(151)] SuspendThread: Odmowa dostêpu. (0x5)
[0601/004332.288:ERROR:process_reader_win.cc(151)] SuspendThread: Odmowa dostêpu. (0x5)
[0601/004332.288:ERROR:process_reader_win.cc(151)] SuspendThread: Odmowa dostêpu. (0x5)
[0601/004332.288:ERROR:process_reader_win.cc(151)] SuspendThread: Odmowa dostêpu. (0x5)
[0601/004332.288:ERROR:process_reader_win.cc(151)] SuspendThread: Odmowa dostêpu. (0x5)
[0601/004332.288:ERROR:process_reader_win.cc(151)] SuspendThread: Odmowa dostêpu. (0x5)
[0601/004332.288:ERROR:process_reader_win.cc(151)] SuspendThread: Odmowa dostêpu. (0x5)
[0601/004332.288:ERROR:process_reader_win.cc(151)] SuspendThread: Odmowa dostêpu. (0x5)
[0601/004332.288:ERROR:process_reader_win.cc(151)] SuspendThread: Odmowa dostêpu. (0x5)
[0601/004332.289:ERROR:process_reader_win.cc(151)] SuspendThread: Odmowa dostêpu. (0x5)
[0601/004332.346:ERROR:process_reader_win.cc(151)] SuspendThread: Odmowa dostêpu. (0x5)
[0601/004332.347:ERROR:process_reader_win.cc(151)] SuspendThread: Odmowa dostêpu. (0x5)
[0601/004332.347:ERROR:process_reader_win.cc(151)] SuspendThread: Odmowa dostêpu. (0x5)
[0601/004332.347:ERROR:process_reader_win.cc(151)] SuspendThread: Odmowa dostêpu. (0x5)
[0601/004332.347:ERROR:process_reader_win.cc(151)] SuspendThread: Odmowa dostêpu. (0x5)
[0601/004332.347:ERROR:process_reader_win.cc(151)] SuspendThread: Odmowa dostêpu. (0x5)
[0601/004332.347:ERROR:process_reader_win.cc(151)] SuspendThread: Odmowa dostêpu. (0x5)
[0601/004332.347:ERROR:process_reader_win.cc(151)] SuspendThread: Odmowa dostêpu. (0x5)
[0601/004332.347:ERROR:process_reader_win.cc(151)] SuspendThread: Odmowa dostêpu. (0x5)
[0601/004332.347:ERROR:process_reader_win.cc(151)] SuspendThread: Odmowa dostêpu. (0x5)
[0601/004332.347:ERROR:process_reader_win.cc(151)] SuspendThread: Odmowa dostêpu. (0x5)
[0601/004332.347:ERROR:exception_snapshot_win.cc(98)] thread ID 15812 not found in process
[0601/004332.351:ERROR:process_reader_win.cc(151)] SuspendThread: Odmowa dostêpu. (0x5)
[0601/004332.351:ERROR:process_reader_win.cc(151)] SuspendThread: Odmowa dostêpu. (0x5)
[0601/004332.352:ERROR:process_reader_win.cc(151)] SuspendThread: Odmowa dostêpu. (0x5)
[0601/004332.352:ERROR:process_reader_win.cc(151)] SuspendThread: Odmowa dostêpu. (0x5)
[0601/004332.352:ERROR:process_reader_win.cc(151)] SuspendThread: Odmowa dostêpu. (0x5)
[0601/004332.352:ERROR:process_reader_win.cc(151)] SuspendThread: Odmowa dostêpu. (0x5)
[0601/004332.352:ERROR:process_reader_win.cc(151)] SuspendThread: Odmowa dostêpu. (0x5)
[0601/004332.352:ERROR:process_reader_win.cc(151)] SuspendThread: Odmowa dostêpu. (0x5)
[0601/004332.352:ERROR:process_reader_win.cc(151)] SuspendThread: Odmowa dostêpu. (0x5)
[0601/004332.352:ERROR:process_reader_win.cc(151)] SuspendThread: Odmowa dostêpu. (0x5)
[0601/004332.352:ERROR:process_reader_win.cc(151)] SuspendThread: Odmowa dostêpu. (0x5)
[0601/004332.352:ERROR:process_reader_win.cc(151)] SuspendThread: Odmowa dostêpu. (0x5)
[0601/004332.352:ERROR:process_reader_win.cc(151)] SuspendThread: Odmowa dostêpu. (0x5)
[0601/004332.352:ERROR:process_reader_win.cc(151)] SuspendThread: Odmowa dostêpu. (0x5)
[0601/004332.352:ERROR:process_reader_win.cc(151)] SuspendThread: Odmowa dostêpu. (0x5)
[0601/004332.352:ERROR:process_reader_win.cc(151)] SuspendThread: Odmowa dostêpu. (0x5)
[0601/004332.352:ERROR:process_reader_win.cc(151)] SuspendThread: Odmowa dostêpu. (0x5)
[0601/004332.352:ERROR:process_reader_win.cc(151)] SuspendThread: Odmowa dostêpu. (0x5)
[0601/004332.352:ERROR:process_reader_win.cc(151)] SuspendThread: Odmowa dostêpu. (0x5)
[0601/004332.352:ERROR:process_reader_win.cc(151)] SuspendThread: Odmowa dostêpu. (0x5)
[0601/004332.352:ERROR:process_reader_win.cc(151)] SuspendThread: Odmowa dostêpu. (0x5)
[0601/004332.352:ERROR:exception_snapshot_win.cc(98)] thread ID 9488 not found in process
[0601/004332.352:ERROR:process_reader_win.cc(151)] SuspendThread: Odmowa dostêpu. (0x5)
[0601/004332.352:ERROR:exception_snapshot_win.cc(98)] thread ID 12896 not found in process
[0601/004332.289:ERROR:process_reader_win.cc(123)] NtOpenThread: {Odmowa dostêpu} Proces za¿¹da³ dostêpu do obiektu, ale prawa dostêpu nie zosta³y przyznane. (0xc0000022)
[0601/004332.221:ERROR:process_reader_win.cc(123)] NtOpenThread: {Odmowa dostêpu} Proces za¿¹da³ dostêpu do obiektu, ale prawa dostêpu nie zosta³y przyznane. (0xc0000022)
[0601/004332.221:ERROR:process_reader_win.cc(123)] NtOpenThread: {Odmowa dostêpu} Proces za¿¹da³ dostêpu do obiektu, ale prawa dostêpu nie zosta³y przyznane. (0xc0000022)
[0601/004332.381:ERROR:exception_snapshot_win.cc(98)] thread ID 17796 not found in process
[0601/004332.381:ERROR:exception_snapshot_win.cc(98)] thread ID 10316 not found in process
[0601/004332.381:ERROR:exception_snapshot_win.cc(98)] thread ID 14548 not found in process
[0601/004332.381:ERROR:scoped_process_suspend.cc(40)] NtResumeProcess: Podjêto próbê uzyskania dostêpu do procesu koñcz¹cego dzia³anie. (0xc000010a)
[0601/004332.465:ERROR:process_reader_win.cc(151)] SuspendThread: Odmowa dostêpu. (0x5)
[0601/004332.465:ERROR:process_reader_win.cc(151)] SuspendThread: Odmowa dostêpu. (0x5)
[0601/004332.465:ERROR:process_reader_win.cc(151)] SuspendThread: Odmowa dostêpu. (0x5)
[0601/004332.465:ERROR:process_reader_win.cc(151)] SuspendThread: Odmowa dostêpu. (0x5)
[0601/004332.465:ERROR:process_reader_win.cc(151)] SuspendThread: Odmowa dostêpu. (0x5)
[0601/004332.465:ERROR:process_reader_win.cc(151)] SuspendThread: Odmowa dostêpu. (0x5)
[0601/004332.465:ERROR:process_reader_win.cc(151)] SuspendThread: Odmowa dostêpu. (0x5)
[0601/004332.465:ERROR:process_reader_win.cc(151)] SuspendThread: Odmowa dostêpu. (0x5)
[0601/004332.465:ERROR:process_reader_win.cc(151)] SuspendThread: Odmowa dostêpu. (0x5)
[0601/004332.465:ERROR:exception_snapshot_win.cc(98)] thread ID 21392 not found in process
[0601/004332.467:ERROR:process_reader_win.cc(151)] SuspendThread: Odmowa dostêpu. (0x5)
[0601/004332.467:ERROR:process_reader_win.cc(151)] SuspendThread: Odmowa dostêpu. (0x5)
[0601/004332.467:ERROR:process_reader_win.cc(151)] SuspendThread: Odmowa dostêpu. (0x5)
[0601/004332.467:ERROR:process_reader_win.cc(151)] SuspendThread: Odmowa dostêpu. (0x5)
[0601/004332.467:ERROR:process_reader_win.cc(151)] SuspendThread: Odmowa dostêpu. (0x5)
[0601/004332.467:ERROR:process_reader_win.cc(151)] SuspendThread: Odmowa dostêpu. (0x5)
[0601/004332.467:ERROR:process_reader_win.cc(151)] SuspendThread: Odmowa dostêpu. (0x5)
[0601/004332.467:ERROR:process_reader_win.cc(151)] SuspendThread: Odmowa dostêpu. (0x5)
[0601/004332.467:ERROR:process_reader_win.cc(151)] SuspendThread: Odmowa dostêpu. (0x5)
[0601/004332.467:ERROR:process_reader_win.cc(151)] SuspendThread: Odmowa dostêpu. (0x5)
[0601/004332.467:ERROR:process_reader_win.cc(151)] SuspendThread: Odmowa dostêpu. (0x5)
[0601/004332.467:ERROR:exception_snapshot_win.cc(98)] thread ID 18580 not found in process
[0601/004332.468:ERROR:process_reader_win.cc(151)] SuspendThread: Odmowa dostêpu. (0x5)
[0601/004332.468:ERROR:process_reader_win.cc(151)] SuspendThread: Odmowa dostêpu. (0x5)
[0601/004332.469:ERROR:process_reader_win.cc(151)] SuspendThread: Odmowa dostêpu. (0x5)
[0601/004332.469:ERROR:process_reader_win.cc(151)] SuspendThread: Odmowa dostêpu. (0x5)
[0601/004332.469:ERROR:process_reader_win.cc(151)] SuspendThread: Odmowa dostêpu. (0x5)
[0601/004332.469:ERROR:process_reader_win.cc(151)] SuspendThread: Odmowa dostêpu. (0x5)
[0601/004332.469:ERROR:process_reader_win.cc(151)] SuspendThread: Odmowa dostêpu. (0x5)
[0601/004332.469:ERROR:process_reader_win.cc(151)] SuspendThread: Odmowa dostêpu. (0x5)
[0601/004332.469:ERROR:process_reader_win.cc(151)] SuspendThread: Odmowa dostêpu. (0x5)
[0601/004332.469:ERROR:process_reader_win.cc(151)] SuspendThread: Odmowa dostêpu. (0x5)
[0601/004332.469:ERROR:process_reader_win.cc(151)] SuspendThread: Odmowa dostêpu. (0x5)
[0601/004332.469:ERROR:exception_snapshot_win.cc(98)] thread ID 11796 not found in process
[0601/004332.477:ERROR:process_reader_win.cc(151)] SuspendThread: Odmowa dostêpu. (0x5)
[0601/004332.477:ERROR:process_reader_win.cc(151)] SuspendThread: Odmowa dostêpu. (0x5)
[0601/004332.477:ERROR:process_reader_win.cc(151)] SuspendThread: Odmowa dostêpu. (0x5)
[0601/004332.477:ERROR:process_reader_win.cc(151)] SuspendThread: Odmowa dostêpu. (0x5)
[0601/004332.477:ERROR:process_reader_win.cc(151)] SuspendThread: Odmowa dostêpu. (0x5)
[0601/004332.477:ERROR:process_reader_win.cc(151)] SuspendThread: Odmowa dostêpu. (0x5)
[0601/004332.477:ERROR:process_reader_win.cc(151)] SuspendThread: Odmowa dostêpu. (0x5)
[0601/004332.478:ERROR:process_reader_win.cc(151)] SuspendThread: Odmowa dostêpu. (0x5)
[0601/004332.478:ERROR:process_reader_win.cc(151)] SuspendThread: Odmowa dostêpu. (0x5)
[0601/004332.478:ERROR:process_reader_win.cc(151)] SuspendThread: Odmowa dostêpu. (0x5)
[0601/004332.478:ERROR:process_reader_win.cc(151)] SuspendThread: Odmowa dostêpu. (0x5)
[0601/004332.478:ERROR:process_reader_win.cc(151)] SuspendThread: Odmowa dostêpu. (0x5)
[0601/004332.478:ERROR:exception_snapshot_win.cc(98)] thread ID 1844 not found in process
[0601/004332.509:ERROR:process_reader_win.cc(151)] SuspendThread: Odmowa dostêpu. (0x5)
[0601/004332.510:ERROR:process_reader_win.cc(151)] SuspendThread: Odmowa dostêpu. (0x5)
[0601/004332.510:ERROR:process_reader_win.cc(151)] SuspendThread: Odmowa dostêpu. (0x5)
[0601/004332.510:ERROR:process_reader_win.cc(151)] SuspendThread: Odmowa dostêpu. (0x5)
[0601/004332.510:ERROR:process_reader_win.cc(151)] SuspendThread: Odmowa dostêpu. (0x5)
[0601/004332.510:ERROR:process_reader_win.cc(151)] SuspendThread: Odmowa dostêpu. (0x5)
[0601/004332.510:ERROR:process_reader_win.cc(151)] SuspendThread: Odmowa dostêpu. (0x5)
[0601/004332.510:ERROR:process_reader_win.cc(151)] SuspendThread: Odmowa dostêpu. (0x5)
[0601/004332.510:ERROR:process_reader_win.cc(151)] SuspendThread: Odmowa dostêpu. (0x5)
[0601/004332.510:ERROR:process_reader_win.cc(151)] SuspendThread: Odmowa dostêpu. (0x5)
[0601/004332.510:ERROR:process_reader_win.cc(151)] SuspendThread: Odmowa dostêpu. (0x5)
[0601/004332.510:ERROR:exception_snapshot_win.cc(98)] thread ID 9932 not found in process
[0601/004332.645:ERROR:process_reader_win.cc(151)] SuspendThread: Odmowa dostêpu. (0x5)
[0601/004332.645:ERROR:process_reader_win.cc(151)] SuspendThread: Odmowa dostêpu. (0x5)
[0601/004332.645:ERROR:process_reader_win.cc(151)] SuspendThread: Odmowa dostêpu. (0x5)
[0601/004332.646:ERROR:process_reader_win.cc(151)] SuspendThread: Odmowa dostêpu. (0x5)
[0601/004332.646:ERROR:process_reader_win.cc(151)] SuspendThread: Odmowa dostêpu. (0x5)
[0601/004332.646:ERROR:process_reader_win.cc(151)] SuspendThread: Odmowa dostêpu. (0x5)
[0601/004332.646:ERROR:process_reader_win.cc(151)] SuspendThread: Odmowa dostêpu. (0x5)
[0601/004332.646:ERROR:process_reader_win.cc(151)] SuspendThread: Odmowa dostêpu. (0x5)
[0601/004332.646:ERROR:process_reader_win.cc(151)] SuspendThread: Odmowa dostêpu. (0x5)
[0601/004332.646:ERROR:process_reader_win.cc(151)] SuspendThread: Odmowa dostêpu. (0x5)
[0601/004332.646:ERROR:process_reader_win.cc(151)] SuspendThread: Odmowa dostêpu. (0x5)
[0601/004332.646:ERROR:process_reader_win.cc(151)] SuspendThread: Odmowa dostêpu. (0x5)
[0601/004332.646:ERROR:process_reader_win.cc(151)] SuspendThread: Odmowa dostêpu. (0x5)
[0601/004332.646:ERROR:process_reader_win.cc(151)] SuspendThread: Odmowa dostêpu. (0x5)
[0601/004332.646:ERROR:process_reader_win.cc(151)] SuspendThread: Odmowa dostêpu. (0x5)
[0601/004332.646:ERROR:process_reader_win.cc(151)] SuspendThread: Odmowa dostêpu. (0x5)
[0601/004332.646:ERROR:process_reader_win.cc(151)] SuspendThread: Odmowa dostêpu. (0x5)
[0601/004332.646:ERROR:process_reader_win.cc(151)] SuspendThread: Odmowa dostêpu. (0x5)
[0601/004332.646:ERROR:process_reader_win.cc(151)] SuspendThread: Odmowa dostêpu. (0x5)
[0601/004332.646:ERROR:process_reader_win.cc(151)] SuspendThread: Odmowa dostêpu. (0x5)
[0601/004332.646:ERROR:process_reader_win.cc(151)] SuspendThread: Odmowa dostêpu. (0x5)
[0601/004332.646:ERROR:exception_snapshot_win.cc(98)] thread ID 20948 not found in process
[0601/004332.646:ERROR:process_reader_win.cc(151)] SuspendThread: Odmowa dostêpu. (0x5)
[0601/004332.646:ERROR:exception_snapshot_win.cc(98)] thread ID 16868 not found in process
[0601/004332.680:ERROR:process_reader_win.cc(151)] SuspendThread: Odmowa dostêpu. (0x5)
[0601/004332.680:ERROR:process_reader_win.cc(151)] SuspendThread: Odmowa dostêpu. (0x5)
[0601/004332.680:ERROR:process_reader_win.cc(151)] SuspendThread: Odmowa dostêpu. (0x5)
[0601/004332.681:ERROR:process_reader_win.cc(151)] SuspendThread: Odmowa dostêpu. (0x5)
[0601/004332.681:ERROR:process_reader_win.cc(151)] SuspendThread: Odmowa dostêpu. (0x5)
[0601/004332.681:ERROR:process_reader_win.cc(151)] SuspendThread: Odmowa dostêpu. (0x5)
[0601/004332.681:ERROR:process_reader_win.cc(151)] SuspendThread: Odmowa dostêpu. (0x5)
[0601/004332.681:ERROR:process_reader_win.cc(151)] SuspendThread: Odmowa dostêpu. (0x5)
[0601/004332.681:ERROR:process_reader_win.cc(151)] SuspendThread: Odmowa dostêpu. (0x5)
[0601/004332.681:ERROR:process_reader_win.cc(151)] SuspendThread: Odmowa dostêpu. (0x5)
[0601/004332.681:ERROR:exception_snapshot_win.cc(98)] thread ID 5488 not found in process
[0601/004332.686:ERROR:process_reader_win.cc(151)] SuspendThread: Odmowa dostêpu. (0x5)
[0601/004332.687:ERROR:process_reader_win.cc(151)] SuspendThread: Odmowa dostêpu. (0x5)
[0601/004332.687:ERROR:process_reader_win.cc(151)] SuspendThread: Odmowa dostêpu. (0x5)
[0601/004332.687:ERROR:process_reader_win.cc(151)] SuspendThread: Odmowa dostêpu. (0x5)
[0601/004332.687:ERROR:process_reader_win.cc(151)] SuspendThread: Odmowa dostêpu. (0x5)
[0601/004332.687:ERROR:process_reader_win.cc(151)] SuspendThread: Odmowa dostêpu. (0x5)
[0601/004332.687:ERROR:process_reader_win.cc(151)] SuspendThread: Odmowa dostêpu. (0x5)
[0601/004332.687:ERROR:process_reader_win.cc(151)] SuspendThread: Odmowa dostêpu. (0x5)
[0601/004332.687:ERROR:process_reader_win.cc(151)] SuspendThread: Odmowa dostêpu. (0x5)
[0601/004332.688:ERROR:process_reader_win.cc(151)] SuspendThread: Odmowa dostêpu. (0x5)
[0601/004332.688:ERROR:process_reader_win.cc(151)] SuspendThread: Odmowa dostêpu. (0x5)
[0601/004332.688:ERROR:exception_snapshot_win.cc(98)] thread ID 13412 not found in process
[0601/004332.765:ERROR:process_reader_win.cc(151)] SuspendThread: Odmowa dostêpu. (0x5)
[0601/004332.765:ERROR:process_reader_win.cc(151)] SuspendThread: Odmowa dostêpu. (0x5)
[0601/004332.766:ERROR:process_reader_win.cc(151)] SuspendThread: Odmowa dostêpu. (0x5)
[0601/004332.766:ERROR:process_reader_win.cc(151)] SuspendThread: Odmowa dostêpu. (0x5)
[0601/004332.766:ERROR:process_reader_win.cc(151)] SuspendThread: Odmowa dostêpu. (0x5)
[0601/004332.766:ERROR:process_reader_win.cc(151)] SuspendThread: Odmowa dostêpu. (0x5)
[0601/004332.766:ERROR:process_reader_win.cc(151)] SuspendThread: Odmowa dostêpu. (0x5)
[0601/004332.766:ERROR:process_reader_win.cc(151)] SuspendThread: Odmowa dostêpu. (0x5)
[0601/004332.766:ERROR:process_reader_win.cc(151)] SuspendThread: Odmowa dostêpu. (0x5)
[0601/004332.766:ERROR:process_reader_win.cc(151)] SuspendThread: Odmowa dostêpu. (0x5)
[0601/004332.766:ERROR:process_reader_win.cc(151)] SuspendThread: Odmowa dostêpu. (0x5)
[0601/004332.766:ERROR:process_reader_win.cc(151)] SuspendThread: Odmowa dostêpu. (0x5)
[0601/004332.766:ERROR:exception_snapshot_win.cc(98)] thread ID 18592 not found in process
[0601/004332.770:ERROR:process_reader_win.cc(151)] SuspendThread: Odmowa dostêpu. (0x5)
[0601/004332.771:ERROR:process_reader_win.cc(151)] SuspendThread: Odmowa dostêpu. (0x5)
[0601/004332.771:ERROR:process_reader_win.cc(151)] SuspendThread: Odmowa dostêpu. (0x5)
[0601/004332.771:ERROR:process_reader_win.cc(151)] SuspendThread: Odmowa dostêpu. (0x5)
[0601/004332.771:ERROR:process_reader_win.cc(151)] SuspendThread: Odmowa dostêpu. (0x5)
[0601/004332.771:ERROR:process_reader_win.cc(151)] SuspendThread: Odmowa dostêpu. (0x5)
[0601/004332.771:ERROR:process_reader_win.cc(151)] SuspendThread: Odmowa dostêpu. (0x5)
[0601/004332.771:ERROR:process_reader_win.cc(151)] SuspendThread: Odmowa dostêpu. (0x5)
[0601/004332.771:ERROR:process_reader_win.cc(151)] SuspendThread: Odmowa dostêpu. (0x5)
[0601/004332.771:ERROR:process_reader_win.cc(151)] SuspendThread: Odmowa dostêpu. (0x5)
[0601/004332.771:ERROR:exception_snapshot_win.cc(98)] thread ID 10020 not found in process
[0601/004332.798:ERROR:process_reader_win.cc(151)] SuspendThread: Odmowa dostêpu. (0x5)
[0601/004332.798:ERROR:process_reader_win.cc(151)] SuspendThread: Odmowa dostêpu. (0x5)
[0601/004332.798:ERROR:process_reader_win.cc(151)] SuspendThread: Odmowa dostêpu. (0x5)
[0601/004332.798:ERROR:process_reader_win.cc(151)] SuspendThread: Odmowa dostêpu. (0x5)
[0601/004332.798:ERROR:process_reader_win.cc(151)] SuspendThread: Odmowa dostêpu. (0x5)
[0601/004332.798:ERROR:process_reader_win.cc(151)] SuspendThread: Odmowa dostêpu. (0x5)
[0601/004332.798:ERROR:process_reader_win.cc(151)] SuspendThread: Odmowa dostêpu. (0x5)
[0601/004332.798:ERROR:process_reader_win.cc(151)] SuspendThread: Odmowa dostêpu. (0x5)
[0601/004332.798:ERROR:process_reader_win.cc(151)] SuspendThread: Odmowa dostêpu. (0x5)
[0601/004332.798:ERROR:process_reader_win.cc(151)] SuspendThread: Odmowa dostêpu. (0x5)
[0601/004332.798:ERROR:process_reader_win.cc(151)] SuspendThread: Odmowa dostêpu. (0x5)
[0601/004332.798:ERROR:exception_snapshot_win.cc(98)] thread ID 19316 not found in process
[0601/004332.814:ERROR:process_reader_win.cc(151)] SuspendThread: Odmowa dostêpu. (0x5)
[0601/004332.814:ERROR:process_reader_win.cc(151)] SuspendThread: Odmowa dostêpu. (0x5)
[0601/004332.814:ERROR:process_reader_win.cc(151)] SuspendThread: Odmowa dostêpu. (0x5)
[0601/004332.815:ERROR:process_reader_win.cc(151)] SuspendThread: Odmowa dostêpu. (0x5)
[0601/004332.815:ERROR:exception_snapshot_win.cc(98)] thread ID 11012 not found in process
[0601/004332.820:ERROR:process_reader_win.cc(151)] SuspendThread: Odmowa dostêpu. (0x5)
[0601/004332.820:ERROR:process_reader_win.cc(151)] SuspendThread: Odmowa dostêpu. (0x5)
[0601/004332.820:ERROR:process_reader_win.cc(151)] SuspendThread: Odmowa dostêpu. (0x5)
[0601/004332.820:ERROR:process_reader_win.cc(151)] SuspendThread: Odmowa dostêpu. (0x5)
[0601/004332.820:ERROR:process_reader_win.cc(151)] SuspendThread: Odmowa dostêpu. (0x5)
[0601/004332.820:ERROR:process_reader_win.cc(151)] SuspendThread: Odmowa dostêpu. (0x5)
[0601/004332.820:ERROR:process_reader_win.cc(151)] SuspendThread: Odmowa dostêpu. (0x5)
[0601/004332.820:ERROR:process_reader_win.cc(151)] SuspendThread: Odmowa dostêpu. (0x5)
[0601/004332.820:ERROR:process_reader_win.cc(151)] SuspendThread: Odmowa dostêpu. (0x5)
[0601/004332.820:ERROR:process_reader_win.cc(151)] SuspendThread: Odmowa dostêpu. (0x5)
[0601/004332.820:ERROR:process_reader_win.cc(151)] SuspendThread: Odmowa dostêpu. (0x5)
[0601/004332.820:ERROR:process_reader_win.cc(151)] SuspendThread: Odmowa dostêpu. (0x5)
[0601/004332.820:ERROR:process_reader_win.cc(151)] SuspendThread: Odmowa dostêpu. (0x5)
[0601/004332.820:ERROR:process_reader_win.cc(151)] SuspendThread: Odmowa dostêpu. (0x5)
[0601/004332.821:ERROR:process_reader_win.cc(151)] SuspendThread: Odmowa dostêpu. (0x5)
[0601/004332.821:ERROR:process_reader_win.cc(151)] SuspendThread: Odmowa dostêpu. (0x5)
[0601/004332.821:ERROR:process_reader_win.cc(151)] SuspendThread: Odmowa dostêpu. (0x5)
[0601/004332.821:ERROR:process_reader_win.cc(151)] SuspendThread: Odmowa dostêpu. (0x5)
[0601/004332.821:ERROR:process_reader_win.cc(151)] SuspendThread: Odmowa dostêpu. (0x5)
[0601/004332.821:ERROR:process_reader_win.cc(151)] SuspendThread: Odmowa dostêpu. (0x5)
[0601/004332.821:ERROR:exception_snapshot_win.cc(98)] thread ID 8188 not found in process
[0601/004332.821:ERROR:process_reader_win.cc(151)] SuspendThread: Odmowa dostêpu. (0x5)
[0601/004332.821:ERROR:exception_snapshot_win.cc(98)] thread ID 16832 not found in process
[0601/004332.850:ERROR:process_reader_win.cc(151)] SuspendThread: Odmowa dostêpu. (0x5)
[0601/004332.850:ERROR:process_reader_win.cc(151)] SuspendThread: Odmowa dostêpu. (0x5)
[0601/004332.850:ERROR:process_reader_win.cc(151)] SuspendThread: Odmowa dostêpu. (0x5)
[0601/004332.851:ERROR:process_reader_win.cc(151)] SuspendThread: Odmowa dostêpu. (0x5)
[0601/004332.851:ERROR:exception_snapshot_win.cc(98)] thread ID 8820 not found in process
[1028/131153.197:ERROR:directory_reader_win.cc(43)] FindFirstFile: System nie mo¿e odnaleŸæ okreœlonej œcie¿ki. (0x3)
[1029/010832.050:ERROR:process_reader_win.cc(151)] SuspendThread: Odmowa dostêpu. (0x5)
[1029/010832.050:ERROR:process_reader_win.cc(151)] SuspendThread: Odmowa dostêpu. (0x5)
[1029/010832.051:ERROR:process_reader_win.cc(151)] SuspendThread: Odmowa dostêpu. (0x5)
[1029/010832.051:ERROR:process_reader_win.cc(151)] SuspendThread: Odmowa dostêpu. (0x5)
[1029/010832.051:ERROR:process_reader_win.cc(151)] SuspendThread: Odmowa dostêpu. (0x5)
[1029/010832.051:ERROR:process_reader_win.cc(151)] SuspendThread: Odmowa dostêpu. (0x5)
[1029/010832.051:ERROR:exception_snapshot_win.cc(99)] thread ID 4216 not found in process
[1029/010832.051:ERROR:process_reader_win.cc(151)] SuspendThread: Odmowa dostêpu. (0x5)
[1029/010832.051:ERROR:process_reader_win.cc(151)] SuspendThread: Odmowa dostêpu. (0x5)
[1029/010832.051:ERROR:process_reader_win.cc(151)] SuspendThread: Odmowa dostêpu. (0x5)
[1029/010832.051:ERROR:process_reader_win.cc(151)] SuspendThread: Odmowa dostêpu. (0x5)
[1029/010832.051:ERROR:process_reader_win.cc(151)] SuspendThread: Odmowa dostêpu. (0x5)
[1029/010832.052:ERROR:process_reader_win.cc(151)] SuspendThread: Odmowa dostêpu. (0x5)
[1029/010832.052:ERROR:process_reader_win.cc(151)] SuspendThread: Odmowa dostêpu. (0x5)
[1029/010832.052:ERROR:exception_snapshot_win.cc(99)] thread ID 19920 not found in process
[1029/010832.434:ERROR:process_reader_win.cc(151)] SuspendThread: Odmowa dostêpu. (0x5)
[1029/010832.435:ERROR:exception_snapshot_win.cc(99)] thread ID 13868 not found in process
[1029/010832.436:ERROR:process_reader_win.cc(151)] SuspendThread: Odmowa dostêpu. (0x5)
[1029/010832.436:ERROR:process_reader_win.cc(151)] SuspendThread: Odmowa dostêpu. (0x5)
[1029/010832.436:ERROR:process_reader_win.cc(151)] SuspendThread: Odmowa dostêpu. (0x5)
[1029/010832.436:ERROR:process_reader_win.cc(151)] SuspendThread: Odmowa dostêpu. (0x5)
[1029/010832.436:ERROR:process_reader_win.cc(151)] SuspendThread: Odmowa dostêpu. (0x5)
[1029/010832.436:ERROR:process_reader_win.cc(151)] SuspendThread: Odmowa dostêpu. (0x5)
[1029/010832.436:ERROR:process_reader_win.cc(151)] SuspendThread: Odmowa dostêpu. (0x5)
[1029/010832.436:ERROR:process_reader_win.cc(151)] SuspendThread: Odmowa dostêpu. (0x5)
[1029/010832.436:ERROR:process_reader_win.cc(151)] SuspendThread: Odmowa dostêpu. (0x5)
[1029/010832.436:ERROR:process_reader_win.cc(151)] SuspendThread: Odmowa dostêpu. (0x5)
[1029/010832.437:ERROR:process_reader_win.cc(151)] SuspendThread: Odmowa dostêpu. (0x5)
[1029/010832.437:ERROR:process_reader_win.cc(151)] SuspendThread: Odmowa dostêpu. (0x5)
[1029/010832.437:ERROR:process_reader_win.cc(151)] SuspendThread: Odmowa dostêpu. (0x5)
[1029/010832.437:ERROR:process_reader_win.cc(151)] SuspendThread: Odmowa dostêpu. (0x5)
[1029/010832.437:ERROR:process_reader_win.cc(151)] SuspendThread: Odmowa dostêpu. (0x5)
[1029/010832.437:ERROR:process_reader_win.cc(151)] SuspendThread: Odmowa dostêpu. (0x5)
[1029/010832.437:ERROR:process_reader_win.cc(151)] SuspendThread: Odmowa dostêpu. (0x5)
[1029/010832.437:ERROR:process_reader_win.cc(151)] SuspendThread: Odmowa dostêpu. (0x5)
[1029/010832.437:ERROR:process_reader_win.cc(151)] SuspendThread: Odmowa dostêpu. (0x5)
[1029/010832.437:ERROR:process_reader_win.cc(151)] SuspendThread: Odmowa dostêpu. (0x5)
[1029/010832.437:ERROR:process_reader_win.cc(151)] SuspendThread: Odmowa dostêpu. (0x5)
[1029/010832.437:ERROR:process_reader_win.cc(151)] SuspendThread: Odmowa dostêpu. (0x5)
[1029/010832.437:ERROR:process_reader_win.cc(151)] SuspendThread: Odmowa dostêpu. (0x5)
[1029/010832.437:ERROR:process_reader_win.cc(151)] SuspendThread: Odmowa dostêpu. (0x5)
[1029/010832.437:ERROR:exception_snapshot_win.cc(99)] thread ID 15216 not found in process
[1029/010832.437:ERROR:process_reader_win.cc(151)] SuspendThread: Odmowa dostêpu. (0x5)
[1029/010832.437:ERROR:process_reader_win.cc(151)] SuspendThread: Odmowa dostêpu. (0x5)
[1029/010832.437:ERROR:process_reader_win.cc(151)] SuspendThread: Odmowa dostêpu. (0x5)
[1029/010832.437:ERROR:process_reader_win.cc(151)] SuspendThread: Odmowa dostêpu. (0x5)
[1029/010832.437:ERROR:process_reader_win.cc(151)] SuspendThread: Odmowa dostêpu. (0x5)
[1029/010832.437:ERROR:exception_snapshot_win.cc(99)] thread ID 10380 not found in process
[1029/010832.437:ERROR:process_reader_win.cc(151)] SuspendThread: Odmowa dostêpu. (0x5)
[1029/010832.437:ERROR:process_reader_win.cc(151)] SuspendThread: Odmowa dostêpu. (0x5)
[1029/010832.437:ERROR:exception_snapshot_win.cc(99)] thread ID 15444 not found in process
[1029/010832.437:ERROR:process_reader_win.cc(151)] SuspendThread: Odmowa dostêpu. (0x5)
[1029/010832.070:ERROR:process_reader_win.cc(123)] NtOpenThread: {Odmowa dostêpu} Proces za¿¹da³ dostêpu do obiektu, ale prawa dostêpu nie zosta³y przyznane. (0xc0000022)
[1029/010832.437:ERROR:process_reader_win.cc(151)] SuspendThread: Odmowa dostêpu. (0x5)
[1029/010832.437:ERROR:exception_snapshot_win.cc(99)] thread ID 8852 not found in process
[1029/010832.437:ERROR:exception_snapshot_win.cc(99)] thread ID 12412 not found in process
[1029/010832.438:ERROR:exception_snapshot_win.cc(99)] thread ID 16064 not found in process
[1029/010832.438:ERROR:scoped_process_suspend.cc(40)] NtResumeProcess: Podjêto próbê uzyskania dostêpu do procesu koñcz¹cego dzia³anie. (0xc000010a)
